::1 - - [12/Mar/2019:05:54:53 +0000] "GET /index HTTP/1.1" 304 - "http://localhost:8080/products" "Mozilla/5.0 (Macintosh; Intel Mac OS X 10_14_3) AppleWebKit/537.36 (KHTML, like Gecko) Chrome/72.0.3626.121 Safari/537.36"
::1 - - [12/Mar/2019:05:54:53 +0000] "GET /node_modules/bootstrap/dist/css/bootstrap.min.css HTTP/1.1" 304 - "http://localhost:8080/index" "Mozilla/5.0 (Macintosh; Intel Mac OS X 10_14_3) AppleWebKit/537.36 (KHTML, like Gecko) Chrome/72.0.3626.121 Safari/537.36"
::1 - - [12/Mar/2019:05:54:53 +0000] "GET /node_modules/jquery/dist/jquery.min.js HTTP/1.1" 304 - "http://localhost:8080/index" "Mozilla/5.0 (Macintosh; Intel Mac OS X 10_14_3) AppleWebKit/537.36 (KHTML, like Gecko) Chrome/72.0.3626.121 Safari/537.36"
::1 - - [12/Mar/2019:05:54:53 +0000] "GET /node_modules/bootstrap/dist/js/bootstrap.min.js HTTP/1.1" 304 - "http://localhost:8080/index" "Mozilla/5.0 (Macintosh; Intel Mac OS X 10_14_3) AppleWebKit/537.36 (KHTML, like Gecko) Chrome/72.0.3626.121 Safari/537.36"
::1 - - [12/Mar/2019:05:54:53 +0000] "GET /css/styles.css HTTP/1.1" 304 - "http://localhost:8080/index" "Mozilla/5.0 (Macintosh; Intel Mac OS X 10_14_3) AppleWebKit/537.36 (KHTML, like Gecko) Chrome/72.0.3626.121 Safari/537.36"
::1 - - [12/Mar/2019:05:54:55 +0000] "GET /products HTTP/1.1" 304 - "http://localhost:8080/index" "Mozilla/5.0 (Macintosh; Intel Mac OS X 10_14_3) AppleWebKit/537.36 (KHTML, like Gecko) Chrome/72.0.3626.121 Safari/537.36"
::1 - - [12/Mar/2019:05:54:55 +0000] "GET /node_modules/jquery/dist/jquery.min.js HTTP/1.1" 304 - "http://localhost:8080/products" "Mozilla/5.0 (Macintosh; Intel Mac OS X 10_14_3) AppleWebKit/537.36 (KHTML, like Gecko) Chrome/72.0.3626.121 Safari/537.36"
::1 - - [12/Mar/2019:05:54:55 +0000] "GET /node_modules/bootstrap/dist/js/bootstrap.min.js HTTP/1.1" 304 - "http://localhost:8080/products" "Mozilla/5.0 (Macintosh; Intel Mac OS X 10_14_3) AppleWebKit/537.36 (KHTML, like Gecko) Chrome/72.0.3626.121 Safari/537.36"
::1 - - [12/Mar/2019:05:54:55 +0000] "GET /node_modules/bootstrap/dist/css/bootstrap.min.css HTTP/1.1" 304 - "http://localhost:8080/products" "Mozilla/5.0 (Macintosh; Intel Mac OS X 10_14_3) AppleWebKit/537.36 (KHTML, like Gecko) Chrome/72.0.3626.121 Safari/537.36"
::1 - - [12/Mar/2019:05:54:55 +0000] "GET /css/styles.css HTTP/1.1" 304 - "http://localhost:8080/products" "Mozilla/5.0 (Macintosh; Intel Mac OS X 10_14_3) AppleWebKit/537.36 (KHTML, like Gecko) Chrome/72.0.3626.121 Safari/537.36"
::1 - - [12/Mar/2019:05:55:28 +0000] "GET /products/1 HTTP/1.1" - - "http://localhost:8080/products" "Mozilla/5.0 (Macintosh; Intel Mac OS X 10_14_3) AppleWebKit/537.36 (KHTML, like Gecko) Chrome/72.0.3626.121 Safari/537.36"
::1 - - [12/Mar/2019:05:55:34 +0000] "GET /products/2 HTTP/1.1" - - "http://localhost:8080/products" "Mozilla/5.0 (Macintosh; Intel Mac OS X 10_14_3) AppleWebKit/537.36 (KHTML, like Gecko) Chrome/72.0.3626.121 Safari/537.36"
::1 - - [12/Mar/2019:05:55:38 +0000] "GET /products HTTP/1.1" 304 - "http://localhost:8080/index" "Mozilla/5.0 (Macintosh; Intel Mac OS X 10_14_3) AppleWebKit/537.36 (KHTML, like Gecko) Chrome/72.0.3626.121 Safari/537.36"
::1 - - [12/Mar/2019:05:55:38 +0000] "GET /node_modules/jquery/dist/jquery.min.js HTTP/1.1" 304 - "http://localhost:8080/products" "Mozilla/5.0 (Macintosh; Intel Mac OS X 10_14_3) AppleWebKit/537.36 (KHTML, like Gecko) Chrome/72.0.3626.121 Safari/537.36"
::1 - - [12/Mar/2019:05:55:38 +0000] "GET /node_modules/bootstrap/dist/js/bootstrap.min.js HTTP/1.1" 304 - "http://localhost:8080/products" "Mozilla/5.0 (Macintosh; Intel Mac OS X 10_14_3) AppleWebKit/537.36 (KHTML, like Gecko) Chrome/72.0.3626.121 Safari/537.36"
::1 - - [12/Mar/2019:05:55:38 +0000] "GET /node_modules/bootstrap/dist/css/bootstrap.min.css HTTP/1.1" 304 - "http://localhost:8080/products" "Mozilla/5.0 (Macintosh; Intel Mac OS X 10_14_3) AppleWebKit/537.36 (KHTML, like Gecko) Chrome/72.0.3626.121 Safari/537.36"
::1 - - [12/Mar/2019:05:55:38 +0000] "GET /css/styles.css HTTP/1.1" 304 - "http://localhost:8080/products" "Mozilla/5.0 (Macintosh; Intel Mac OS X 10_14_3) AppleWebKit/537.36 (KHTML, like Gecko) Chrome/72.0.3626.121 Safari/537.36"
::1 - - [12/Mar/2019:05:57:39 +0000] "GET /products/1 HTTP/1.1" - - "http://localhost:8080/products" "Mozilla/5.0 (Macintosh; Intel Mac OS X 10_14_3) AppleWebKit/537.36 (KHTML, like Gecko) Chrome/72.0.3626.121 Safari/537.36"
::1 - - [12/Mar/2019:05:59:39 +0000] "GET /products/1 HTTP/1.1" - - "http://localhost:8080/products" "Mozilla/5.0 (Macintosh; Intel Mac OS X 10_14_3) AppleWebKit/537.36 (KHTML, like Gecko) Chrome/72.0.3626.121 Safari/537.36"
::1 - - [12/Mar/2019:06:02:46 +0000] "GET /products/1 HTTP/1.1" - - "http://localhost:8080/products" "Mozilla/5.0 (Macintosh; Intel Mac OS X 10_14_3) AppleWebKit/537.36 (KHTML, like Gecko) Chrome/72.0.3626.121 Safari/537.36"
::1 - - [12/Mar/2019:06:23:20 +0000] "GET /products/1 HTTP/1.1" 200 2017 "http://localhost:8080/products" "Mozilla/5.0 (Macintosh; Intel Mac OS X 10_14_3) AppleWebKit/537.36 (KHTML, like Gecko) Chrome/72.0.3626.121 Safari/537.36"
::1 - - [12/Mar/2019:06:23:20 +0000] "GET /node_modules/jquery/dist/jquery.min.js HTTP/1.1" 304 - "http://localhost:8080/products/1" "Mozilla/5.0 (Macintosh; Intel Mac OS X 10_14_3) AppleWebKit/537.36 (KHTML, like Gecko) Chrome/72.0.3626.121 Safari/537.36"
::1 - - [12/Mar/2019:06:23:20 +0000] "GET /node_modules/bootstrap/dist/js/bootstrap.min.js HTTP/1.1" 304 - "http://localhost:8080/products/1" "Mozilla/5.0 (Macintosh; Intel Mac OS X 10_14_3) AppleWebKit/537.36 (KHTML, like Gecko) Chrome/72.0.3626.121 Safari/537.36"
::1 - - [12/Mar/2019:06:23:20 +0000] "GET /node_modules/bootstrap/dist/css/bootstrap.min.css HTTP/1.1" 304 - "http://localhost:8080/products/1" "Mozilla/5.0 (Macintosh; Intel Mac OS X 10_14_3) AppleWebKit/537.36 (KHTML, like Gecko) Chrome/72.0.3626.121 Safari/537.36"
::1 - - [12/Mar/2019:06:23:20 +0000] "GET /css/styles.css HTTP/1.1" 304 - "http://localhost:8080/products/1" "Mozilla/5.0 (Macintosh; Intel Mac OS X 10_14_3) AppleWebKit/537.36 (KHTML, like Gecko) Chrome/72.0.3626.121 Safari/537.36"
::1 - - [12/Mar/2019:06:23:22 +0000] "GET /products HTTP/1.1" 304 - "http://localhost:8080/products/1" "Mozilla/5.0 (Macintosh; Intel Mac OS X 10_14_3) AppleWebKit/537.36 (KHTML, like Gecko) Chrome/72.0.3626.121 Safari/537.36"
::1 - - [12/Mar/2019:06:23:22 +0000] "GET /node_modules/jquery/dist/jquery.min.js HTTP/1.1" 304 - "http://localhost:8080/products" "Mozilla/5.0 (Macintosh; Intel Mac OS X 10_14_3) AppleWebKit/537.36 (KHTML, like Gecko) Chrome/72.0.3626.121 Safari/537.36"
::1 - - [12/Mar/2019:06:23:22 +0000] "GET /node_modules/bootstrap/dist/js/bootstrap.min.js HTTP/1.1" 304 - "http://localhost:8080/products" "Mozilla/5.0 (Macintosh; Intel Mac OS X 10_14_3) AppleWebKit/537.36 (KHTML, like Gecko) Chrome/72.0.3626.121 Safari/537.36"
::1 - - [12/Mar/2019:06:23:22 +0000] "GET /node_modules/bootstrap/dist/css/bootstrap.min.css HTTP/1.1" 304 - "http://localhost:8080/products" "Mozilla/5.0 (Macintosh; Intel Mac OS X 10_14_3) AppleWebKit/537.36 (KHTML, like Gecko) Chrome/72.0.3626.121 Safari/537.36"
::1 - - [12/Mar/2019:06:23:22 +0000] "GET /css/styles.css HTTP/1.1" 304 - "http://localhost:8080/products" "Mozilla/5.0 (Macintosh; Intel Mac OS X 10_14_3) AppleWebKit/537.36 (KHTML, like Gecko) Chrome/72.0.3626.121 Safari/537.36"
::1 - - [12/Mar/2019:06:23:26 +0000] "GET /products/1 HTTP/1.1" 304 - "http://localhost:8080/products" "Mozilla/5.0 (Macintosh; Intel Mac OS X 10_14_3) AppleWebKit/537.36 (KHTML, like Gecko) Chrome/72.0.3626.121 Safari/537.36"
::1 - - [12/Mar/2019:06:23:26 +0000] "GET /node_modules/jquery/dist/jquery.min.js HTTP/1.1" 304 - "http://localhost:8080/products/1" "Mozilla/5.0 (Macintosh; Intel Mac OS X 10_14_3) AppleWebKit/537.36 (KHTML, like Gecko) Chrome/72.0.3626.121 Safari/537.36"
::1 - - [12/Mar/2019:06:23:26 +0000] "GET /node_modules/bootstrap/dist/js/bootstrap.min.js HTTP/1.1" 304 - "http://localhost:8080/products/1" "Mozilla/5.0 (Macintosh; Intel Mac OS X 10_14_3) AppleWebKit/537.36 (KHTML, like Gecko) Chrome/72.0.3626.121 Safari/537.36"
::1 - - [12/Mar/2019:06:23:26 +0000] "GET /node_modules/bootstrap/dist/css/bootstrap.min.css HTTP/1.1" 304 - "http://localhost:8080/products/1" "Mozilla/5.0 (Macintosh; Intel Mac OS X 10_14_3) AppleWebKit/537.36 (KHTML, like Gecko) Chrome/72.0.3626.121 Safari/537.36"
::1 - - [12/Mar/2019:06:23:26 +0000] "GET /css/styles.css HTTP/1.1" 304 - "http://localhost:8080/products/1" "Mozilla/5.0 (Macintosh; Intel Mac OS X 10_14_3) AppleWebKit/537.36 (KHTML, like Gecko) Chrome/72.0.3626.121 Safari/537.36"
::1 - - [12/Mar/2019:06:23:31 +0000] "GET /products/1/edit? HTTP/1.1" 200 2225 "http://localhost:8080/products/1" "Mozilla/5.0 (Macintosh; Intel Mac OS X 10_14_3) AppleWebKit/537.36 (KHTML, like Gecko) Chrome/72.0.3626.121 Safari/537.36"
::1 - - [12/Mar/2019:06:23:31 +0000] "GET /node_modules/jquery/dist/jquery.min.js HTTP/1.1" 304 - "http://localhost:8080/products/1/edit?" "Mozilla/5.0 (Macintosh; Intel Mac OS X 10_14_3) AppleWebKit/537.36 (KHTML, like Gecko) Chrome/72.0.3626.121 Safari/537.36"
::1 - - [12/Mar/2019:06:23:31 +0000] "GET /node_modules/bootstrap/dist/js/bootstrap.min.js HTTP/1.1" 304 - "http://localhost:8080/products/1/edit?" "Mozilla/5.0 (Macintosh; Intel Mac OS X 10_14_3) AppleWebKit/537.36 (KHTML, like Gecko) Chrome/72.0.3626.121 Safari/537.36"
::1 - - [12/Mar/2019:06:23:31 +0000] "GET /node_modules/bootstrap/dist/css/bootstrap.min.css HTTP/1.1" 304 - "http://localhost:8080/products/1/edit?" "Mozilla/5.0 (Macintosh; Intel Mac OS X 10_14_3) AppleWebKit/537.36 (KHTML, like Gecko) Chrome/72.0.3626.121 Safari/537.36"
::1 - - [12/Mar/2019:06:23:31 +0000] "GET /css/styles.css HTTP/1.1" 304 - "http://localhost:8080/products/1/edit?" "Mozilla/5.0 (Macintosh; Intel Mac OS X 10_14_3) AppleWebKit/537.36 (KHTML, like Gecko) Chrome/72.0.3626.121 Safari/537.36"
::1 - - [12/Mar/2019:06:23:36 +0000] "POST /products/UPDATE/1 HTTP/1.1" 302 62 "http://localhost:8080/products/1/edit?" "Mozilla/5.0 (Macintosh; Intel Mac OS X 10_14_3) AppleWebKit/537.36 (KHTML, like Gecko) Chrome/72.0.3626.121 Safari/537.36"
::1 - - [12/Mar/2019:06:23:36 +0000] "GET /products HTTP/1.1" 200 12037 "http://localhost:8080/products/1/edit?" "Mozilla/5.0 (Macintosh; Intel Mac OS X 10_14_3) AppleWebKit/537.36 (KHTML, like Gecko) Chrome/72.0.3626.121 Safari/537.36"
::1 - - [12/Mar/2019:06:23:36 +0000] "GET /node_modules/jquery/dist/jquery.min.js HTTP/1.1" 304 - "http://localhost:8080/products" "Mozilla/5.0 (Macintosh; Intel Mac OS X 10_14_3) AppleWebKit/537.36 (KHTML, like Gecko) Chrome/72.0.3626.121 Safari/537.36"
::1 - - [12/Mar/2019:06:23:36 +0000] "GET /node_modules/bootstrap/dist/css/bootstrap.min.css HTTP/1.1" 304 - "http://localhost:8080/products" "Mozilla/5.0 (Macintosh; Intel Mac OS X 10_14_3) AppleWebKit/537.36 (KHTML, like Gecko) Chrome/72.0.3626.121 Safari/537.36"
::1 - - [12/Mar/2019:06:23:36 +0000] "GET /css/styles.css HTTP/1.1" 304 - "http://localhost:8080/products" "Mozilla/5.0 (Macintosh; Intel Mac OS X 10_14_3) AppleWebKit/537.36 (KHTML, like Gecko) Chrome/72.0.3626.121 Safari/537.36"
::1 - - [12/Mar/2019:06:23:36 +0000] "GET /node_modules/bootstrap/dist/js/bootstrap.min.js HTTP/1.1" 304 - "http://localhost:8080/products" "Mozilla/5.0 (Macintosh; Intel Mac OS X 10_14_3) AppleWebKit/537.36 (KHTML, like Gecko) Chrome/72.0.3626.121 Safari/537.36"
::1 - - [12/Mar/2019:06:28:55 +0000] "GET /products HTTP/1.1" 200 1882 "http://localhost:8080/products/1/edit?" "Mozilla/5.0 (Macintosh; Intel Mac OS X 10_14_3) AppleWebKit/537.36 (KHTML, like Gecko) Chrome/72.0.3626.121 Safari/537.36"
::1 - - [12/Mar/2019:06:28:55 +0000] "GET /node_modules/bootstrap/dist/js/bootstrap.min.js HTTP/1.1" 304 - "http://localhost:8080/products" "Mozilla/5.0 (Macintosh; Intel Mac OS X 10_14_3) AppleWebKit/537.36 (KHTML, like Gecko) Chrome/72.0.3626.121 Safari/537.36"
::1 - - [12/Mar/2019:06:28:55 +0000] "GET /node_modules/jquery/dist/jquery.min.js HTTP/1.1" 304 - "http://localhost:8080/products" "Mozilla/5.0 (Macintosh; Intel Mac OS X 10_14_3) AppleWebKit/537.36 (KHTML, like Gecko) Chrome/72.0.3626.121 Safari/537.36"
::1 - - [12/Mar/2019:06:28:55 +0000] "GET /node_modules/bootstrap/dist/css/bootstrap.min.css HTTP/1.1" 304 - "http://localhost:8080/products" "Mozilla/5.0 (Macintosh; Intel Mac OS X 10_14_3) AppleWebKit/537.36 (KHTML, like Gecko) Chrome/72.0.3626.121 Safari/537.36"
::1 - - [12/Mar/2019:06:28:55 +0000] "GET /css/styles.css HTTP/1.1" 304 - "http://localhost:8080/products" "Mozilla/5.0 (Macintosh; Intel Mac OS X 10_14_3) AppleWebKit/537.36 (KHTML, like Gecko) Chrome/72.0.3626.121 Safari/537.36"
::1 - - [12/Mar/2019:06:28:58 +0000] "GET /articles HTTP/1.1" 200 10734 "http://localhost:8080/products" "Mozilla/5.0 (Macintosh; Intel Mac OS X 10_14_3) AppleWebKit/537.36 (KHTML, like Gecko) Chrome/72.0.3626.121 Safari/537.36"
::1 - - [12/Mar/2019:06:28:58 +0000] "GET /node_modules/jquery/dist/jquery.min.js HTTP/1.1" 304 - "http://localhost:8080/articles" "Mozilla/5.0 (Macintosh; Intel Mac OS X 10_14_3) AppleWebKit/537.36 (KHTML, like Gecko) Chrome/72.0.3626.121 Safari/537.36"
::1 - - [12/Mar/2019:06:28:58 +0000] "GET /node_modules/bootstrap/dist/js/bootstrap.min.js HTTP/1.1" 304 - "http://localhost:8080/articles" "Mozilla/5.0 (Macintosh; Intel Mac OS X 10_14_3) AppleWebKit/537.36 (KHTML, like Gecko) Chrome/72.0.3626.121 Safari/537.36"
::1 - - [12/Mar/2019:06:28:58 +0000] "GET /node_modules/bootstrap/dist/css/bootstrap.min.css HTTP/1.1" 304 - "http://localhost:8080/articles" "Mozilla/5.0 (Macintosh; Intel Mac OS X 10_14_3) AppleWebKit/537.36 (KHTML, like Gecko) Chrome/72.0.3626.121 Safari/537.36"
::1 - - [12/Mar/2019:06:28:58 +0000] "GET /css/styles.css HTTP/1.1" 304 - "http://localhost:8080/articles" "Mozilla/5.0 (Macintosh; Intel Mac OS X 10_14_3) AppleWebKit/537.36 (KHTML, like Gecko) Chrome/72.0.3626.121 Safari/537.36"
::1 - - [12/Mar/2019:06:29:04 +0000] "GET /articles/4 HTTP/1.1" 200 2584 "http://localhost:8080/articles" "Mozilla/5.0 (Macintosh; Intel Mac OS X 10_14_3) AppleWebKit/537.36 (KHTML, like Gecko) Chrome/72.0.3626.121 Safari/537.36"
::1 - - [12/Mar/2019:06:29:04 +0000] "GET /node_modules/jquery/dist/jquery.min.js HTTP/1.1" 304 - "http://localhost:8080/articles/4" "Mozilla/5.0 (Macintosh; Intel Mac OS X 10_14_3) AppleWebKit/537.36 (KHTML, like Gecko) Chrome/72.0.3626.121 Safari/537.36"
::1 - - [12/Mar/2019:06:29:04 +0000] "GET /node_modules/bootstrap/dist/js/bootstrap.min.js HTTP/1.1" 304 - "http://localhost:8080/articles/4" "Mozilla/5.0 (Macintosh; Intel Mac OS X 10_14_3) AppleWebKit/537.36 (KHTML, like Gecko) Chrome/72.0.3626.121 Safari/537.36"
::1 - - [12/Mar/2019:06:29:04 +0000] "GET /node_modules/bootstrap/dist/css/bootstrap.min.css HTTP/1.1" 304 - "http://localhost:8080/articles/4" "Mozilla/5.0 (Macintosh; Intel Mac OS X 10_14_3) AppleWebKit/537.36 (KHTML, like Gecko) Chrome/72.0.3626.121 Safari/537.36"
::1 - - [12/Mar/2019:06:29:04 +0000] "GET /css/styles.css HTTP/1.1" 304 - "http://localhost:8080/articles/4" "Mozilla/5.0 (Macintosh; Intel Mac OS X 10_14_3) AppleWebKit/537.36 (KHTML, like Gecko) Chrome/72.0.3626.121 Safari/537.36"
::1 - - [12/Mar/2019:06:29:05 +0000] "GET /products HTTP/1.1" 304 - "http://localhost:8080/articles/4" "Mozilla/5.0 (Macintosh; Intel Mac OS X 10_14_3) AppleWebKit/537.36 (KHTML, like Gecko) Chrome/72.0.3626.121 Safari/537.36"
::1 - - [12/Mar/2019:06:29:05 +0000] "GET /node_modules/jquery/dist/jquery.min.js HTTP/1.1" 304 - "http://localhost:8080/products" "Mozilla/5.0 (Macintosh; Intel Mac OS X 10_14_3) AppleWebKit/537.36 (KHTML, like Gecko) Chrome/72.0.3626.121 Safari/537.36"
::1 - - [12/Mar/2019:06:29:05 +0000] "GET /node_modules/bootstrap/dist/js/bootstrap.min.js HTTP/1.1" 304 - "http://localhost:8080/products" "Mozilla/5.0 (Macintosh; Intel Mac OS X 10_14_3) AppleWebKit/537.36 (KHTML, like Gecko) Chrome/72.0.3626.121 Safari/537.36"
::1 - - [12/Mar/2019:06:29:05 +0000] "GET /node_modules/bootstrap/dist/css/bootstrap.min.css HTTP/1.1" 304 - "http://localhost:8080/products" "Mozilla/5.0 (Macintosh; Intel Mac OS X 10_14_3) AppleWebKit/537.36 (KHTML, like Gecko) Chrome/72.0.3626.121 Safari/537.36"
::1 - - [12/Mar/2019:06:29:05 +0000] "GET /css/styles.css HTTP/1.1" 304 - "http://localhost:8080/products" "Mozilla/5.0 (Macintosh; Intel Mac OS X 10_14_3) AppleWebKit/537.36 (KHTML, like Gecko) Chrome/72.0.3626.121 Safari/537.36"
::1 - - [12/Mar/2019:06:29:10 +0000] "GET /products/new? HTTP/1.1" 200 2091 "http://localhost:8080/products" "Mozilla/5.0 (Macintosh; Intel Mac OS X 10_14_3) AppleWebKit/537.36 (KHTML, like Gecko) Chrome/72.0.3626.121 Safari/537.36"
::1 - - [12/Mar/2019:06:29:10 +0000] "GET /node_modules/jquery/dist/jquery.min.js HTTP/1.1" 304 - "http://localhost:8080/products/new?" "Mozilla/5.0 (Macintosh; Intel Mac OS X 10_14_3) AppleWebKit/537.36 (KHTML, like Gecko) Chrome/72.0.3626.121 Safari/537.36"
::1 - - [12/Mar/2019:06:29:10 +0000] "GET /node_modules/bootstrap/dist/js/bootstrap.min.js HTTP/1.1" 304 - "http://localhost:8080/products/new?" "Mozilla/5.0 (Macintosh; Intel Mac OS X 10_14_3) AppleWebKit/537.36 (KHTML, like Gecko) Chrome/72.0.3626.121 Safari/537.36"
::1 - - [12/Mar/2019:06:29:10 +0000] "GET /node_modules/bootstrap/dist/css/bootstrap.min.css HTTP/1.1" 304 - "http://localhost:8080/products/new?" "Mozilla/5.0 (Macintosh; Intel Mac OS X 10_14_3) AppleWebKit/537.36 (KHTML, like Gecko) Chrome/72.0.3626.121 Safari/537.36"
::1 - - [12/Mar/2019:06:29:10 +0000] "GET /css/styles.css HTTP/1.1" 304 - "http://localhost:8080/products/new?" "Mozilla/5.0 (Macintosh; Intel Mac OS X 10_14_3) AppleWebKit/537.36 (KHTML, like Gecko) Chrome/72.0.3626.121 Safari/537.36"
::1 - - [12/Mar/2019:06:29:18 +0000] "POST /products/new HTTP/1.1" 500 2525 "http://localhost:8080/products/new?" "Mozilla/5.0 (Macintosh; Intel Mac OS X 10_14_3) AppleWebKit/537.36 (KHTML, like Gecko) Chrome/72.0.3626.121 Safari/537.36"
::1 - - [12/Mar/2019:06:33:28 +0000] "POST /products/new HTTP/1.1" 500 2539 "http://localhost:8080/products/new?" "Mozilla/5.0 (Macintosh; Intel Mac OS X 10_14_3) AppleWebKit/537.36 (KHTML, like Gecko) Chrome/72.0.3626.121 Safari/537.36"
::1 - - [12/Mar/2019:06:34:49 +0000] "POST /products/new HTTP/1.1" 500 2539 "http://localhost:8080/products/new?" "Mozilla/5.0 (Macintosh; Intel Mac OS X 10_14_3) AppleWebKit/537.36 (KHTML, like Gecko) Chrome/72.0.3626.121 Safari/537.36"
::1 - - [12/Mar/2019:06:34:52 +0000] "GET /products/new? HTTP/1.1" 304 - "http://localhost:8080/products" "Mozilla/5.0 (Macintosh; Intel Mac OS X 10_14_3) AppleWebKit/537.36 (KHTML, like Gecko) Chrome/72.0.3626.121 Safari/537.36"
::1 - - [12/Mar/2019:06:34:52 +0000] "GET /node_modules/bootstrap/dist/css/bootstrap.min.css HTTP/1.1" 304 - "http://localhost:8080/products/new?" "Mozilla/5.0 (Macintosh; Intel Mac OS X 10_14_3) AppleWebKit/537.36 (KHTML, like Gecko) Chrome/72.0.3626.121 Safari/537.36"
::1 - - [12/Mar/2019:06:34:52 +0000] "GET /node_modules/bootstrap/dist/js/bootstrap.min.js HTTP/1.1" 304 - "http://localhost:8080/products/new?" "Mozilla/5.0 (Macintosh; Intel Mac OS X 10_14_3) AppleWebKit/537.36 (KHTML, like Gecko) Chrome/72.0.3626.121 Safari/537.36"
::1 - - [12/Mar/2019:06:34:52 +0000] "GET /css/styles.css HTTP/1.1" 304 - "http://localhost:8080/products/new?" "Mozilla/5.0 (Macintosh; Intel Mac OS X 10_14_3) AppleWebKit/537.36 (KHTML, like Gecko) Chrome/72.0.3626.121 Safari/537.36"
::1 - - [12/Mar/2019:06:34:52 +0000] "GET /node_modules/jquery/dist/jquery.min.js HTTP/1.1" 304 - "http://localhost:8080/products/new?" "Mozilla/5.0 (Macintosh; Intel Mac OS X 10_14_3) AppleWebKit/537.36 (KHTML, like Gecko) Chrome/72.0.3626.121 Safari/537.36"
::1 - - [12/Mar/2019:06:34:58 +0000] "POST /products/new HTTP/1.1" 500 2539 "http://localhost:8080/products/new?" "Mozilla/5.0 (Macintosh; Intel Mac OS X 10_14_3) AppleWebKit/537.36 (KHTML, like Gecko) Chrome/72.0.3626.121 Safari/537.36"
::1 - - [12/Mar/2019:07:20:20 +0000] "POST /products/new HTTP/1.1" 500 2540 "http://localhost:8080/products/new?" "Mozilla/5.0 (Macintosh; Intel Mac OS X 10_14_3) AppleWebKit/537.36 (KHTML, like Gecko) Chrome/72.0.3626.121 Safari/537.36"
::1 - - [12/Mar/2019:07:20:25 +0000] "GET /index HTTP/1.1" 304 - "http://localhost:8080/products" "Mozilla/5.0 (Macintosh; Intel Mac OS X 10_14_3) AppleWebKit/537.36 (KHTML, like Gecko) Chrome/72.0.3626.121 Safari/537.36"
::1 - - [12/Mar/2019:07:20:25 +0000] "GET /node_modules/jquery/dist/jquery.min.js HTTP/1.1" 304 - "http://localhost:8080/index" "Mozilla/5.0 (Macintosh; Intel Mac OS X 10_14_3) AppleWebKit/537.36 (KHTML, like Gecko) Chrome/72.0.3626.121 Safari/537.36"
::1 - - [12/Mar/2019:07:20:25 +0000] "GET /node_modules/bootstrap/dist/js/bootstrap.min.js HTTP/1.1" 304 - "http://localhost:8080/index" "Mozilla/5.0 (Macintosh; Intel Mac OS X 10_14_3) AppleWebKit/537.36 (KHTML, like Gecko) Chrome/72.0.3626.121 Safari/537.36"
::1 - - [12/Mar/2019:07:20:25 +0000] "GET /node_modules/bootstrap/dist/css/bootstrap.min.css HTTP/1.1" 304 - "http://localhost:8080/index" "Mozilla/5.0 (Macintosh; Intel Mac OS X 10_14_3) AppleWebKit/537.36 (KHTML, like Gecko) Chrome/72.0.3626.121 Safari/537.36"
::1 - - [12/Mar/2019:07:20:25 +0000] "GET /css/styles.css HTTP/1.1" 304 - "http://localhost:8080/index" "Mozilla/5.0 (Macintosh; Intel Mac OS X 10_14_3) AppleWebKit/537.36 (KHTML, like Gecko) Chrome/72.0.3626.121 Safari/537.36"
::1 - - [12/Mar/2019:07:20:27 +0000] "GET /products HTTP/1.1" 304 - "http://localhost:8080/index" "Mozilla/5.0 (Macintosh; Intel Mac OS X 10_14_3) AppleWebKit/537.36 (KHTML, like Gecko) Chrome/72.0.3626.121 Safari/537.36"
::1 - - [12/Mar/2019:07:20:27 +0000] "GET /node_modules/jquery/dist/jquery.min.js HTTP/1.1" 304 - "http://localhost:8080/products" "Mozilla/5.0 (Macintosh; Intel Mac OS X 10_14_3) AppleWebKit/537.36 (KHTML, like Gecko) Chrome/72.0.3626.121 Safari/537.36"
::1 - - [12/Mar/2019:07:20:27 +0000] "GET /node_modules/bootstrap/dist/js/bootstrap.min.js HTTP/1.1" 304 - "http://localhost:8080/products" "Mozilla/5.0 (Macintosh; Intel Mac OS X 10_14_3) AppleWebKit/537.36 (KHTML, like Gecko) Chrome/72.0.3626.121 Safari/537.36"
::1 - - [12/Mar/2019:07:20:27 +0000] "GET /node_modules/bootstrap/dist/css/bootstrap.min.css HTTP/1.1" 304 - "http://localhost:8080/products" "Mozilla/5.0 (Macintosh; Intel Mac OS X 10_14_3) AppleWebKit/537.36 (KHTML, like Gecko) Chrome/72.0.3626.121 Safari/537.36"
::1 - - [12/Mar/2019:07:20:27 +0000] "GET /css/styles.css HTTP/1.1" 304 - "http://localhost:8080/products" "Mozilla/5.0 (Macintosh; Intel Mac OS X 10_14_3) AppleWebKit/537.36 (KHTML, like Gecko) Chrome/72.0.3626.121 Safari/537.36"
::1 - - [12/Mar/2019:07:20:29 +0000] "GET /products/new? HTTP/1.1" 304 - "http://localhost:8080/products" "Mozilla/5.0 (Macintosh; Intel Mac OS X 10_14_3) AppleWebKit/537.36 (KHTML, like Gecko) Chrome/72.0.3626.121 Safari/537.36"
::1 - - [12/Mar/2019:07:20:29 +0000] "GET /node_modules/jquery/dist/jquery.min.js HTTP/1.1" 304 - "http://localhost:8080/products/new?" "Mozilla/5.0 (Macintosh; Intel Mac OS X 10_14_3) AppleWebKit/537.36 (KHTML, like Gecko) Chrome/72.0.3626.121 Safari/537.36"
::1 - - [12/Mar/2019:07:20:29 +0000] "GET /node_modules/bootstrap/dist/js/bootstrap.min.js HTTP/1.1" 304 - "http://localhost:8080/products/new?" "Mozilla/5.0 (Macintosh; Intel Mac OS X 10_14_3) AppleWebKit/537.36 (KHTML, like Gecko) Chrome/72.0.3626.121 Safari/537.36"
::1 - - [12/Mar/2019:07:20:29 +0000] "GET /node_modules/bootstrap/dist/css/bootstrap.min.css HTTP/1.1" 304 - "http://localhost:8080/products/new?" "Mozilla/5.0 (Macintosh; Intel Mac OS X 10_14_3) AppleWebKit/537.36 (KHTML, like Gecko) Chrome/72.0.3626.121 Safari/537.36"
::1 - - [12/Mar/2019:07:20:29 +0000] "GET /css/styles.css HTTP/1.1" 304 - "http://localhost:8080/products/new?" "Mozilla/5.0 (Macintosh; Intel Mac OS X 10_14_3) AppleWebKit/537.36 (KHTML, like Gecko) Chrome/72.0.3626.121 Safari/537.36"
::1 - - [12/Mar/2019:07:20:34 +0000] "POST /products/new HTTP/1.1" 500 2540 "http://localhost:8080/products/new?" "Mozilla/5.0 (Macintosh; Intel Mac OS X 10_14_3) AppleWebKit/537.36 (KHTML, like Gecko) Chrome/72.0.3626.121 Safari/537.36"
::1 - - [12/Mar/2019:07:22:18 +0000] "POST /products/new HTTP/1.1" 500 2540 "http://localhost:8080/products/new?" "Mozilla/5.0 (Macintosh; Intel Mac OS X 10_14_3) AppleWebKit/537.36 (KHTML, like Gecko) Chrome/72.0.3626.121 Safari/537.36"
::1 - - [12/Mar/2019:07:24:31 +0000] "POST /products/new HTTP/1.1" 500 2540 "http://localhost:8080/products/new?" "Mozilla/5.0 (Macintosh; Intel Mac OS X 10_14_3) AppleWebKit/537.36 (KHTML, like Gecko) Chrome/72.0.3626.121 Safari/537.36"
::1 - - [12/Mar/2019:07:29:33 +0000] "GET /products HTTP/1.1" 304 - "http://localhost:8080/products/new?" "Mozilla/5.0 (Macintosh; Intel Mac OS X 10_14_3) AppleWebKit/537.36 (KHTML, like Gecko) Chrome/72.0.3626.121 Safari/537.36"
::1 - - [12/Mar/2019:07:29:33 +0000] "GET /node_modules/bootstrap/dist/css/bootstrap.min.css HTTP/1.1" 304 - "http://localhost:8080/products" "Mozilla/5.0 (Macintosh; Intel Mac OS X 10_14_3) AppleWebKit/537.36 (KHTML, like Gecko) Chrome/72.0.3626.121 Safari/537.36"
::1 - - [12/Mar/2019:07:29:33 +0000] "GET /css/styles.css HTTP/1.1" 304 - "http://localhost:8080/products" "Mozilla/5.0 (Macintosh; Intel Mac OS X 10_14_3) AppleWebKit/537.36 (KHTML, like Gecko) Chrome/72.0.3626.121 Safari/537.36"
::1 - - [12/Mar/2019:07:29:33 +0000] "GET /node_modules/jquery/dist/jquery.min.js HTTP/1.1" 304 - "http://localhost:8080/products" "Mozilla/5.0 (Macintosh; Intel Mac OS X 10_14_3) AppleWebKit/537.36 (KHTML, like Gecko) Chrome/72.0.3626.121 Safari/537.36"
::1 - - [12/Mar/2019:07:29:33 +0000] "GET /node_modules/bootstrap/dist/js/bootstrap.min.js HTTP/1.1" 304 - "http://localhost:8080/products" "Mozilla/5.0 (Macintosh; Intel Mac OS X 10_14_3) AppleWebKit/537.36 (KHTML, like Gecko) Chrome/72.0.3626.121 Safari/537.36"
